<?xml version="1.0" encoding="UTF-8"?>
<!-- Generated by org.testng.reporters.JUnitReportReporter -->
<testsuite skipped="0" hostname="DESKTOP-R11E6FT" name="udTest.TestNG_Demo1" tests="1" failures="0" timestamp="16 Sep 2018 21:31:55 GMT" time="1.165" errors="0">
  <testcase name="googleSearchA" time="1.165" classname="udTest.TestNG_Demo1"/>
</testsuite> <!-- udTest.TestNG_Demo1 -->
