<?xml version="1.0" encoding="UTF-8"?>
<!-- Generated by org.testng.reporters.JUnitReportReporter -->
<testsuite skipped="0" hostname="DESKTOP-R11E6FT" name="udTest.UdTestOne_GoogleSearch_withTestNG" tests="1" failures="0" timestamp="16 Sep 2018 21:23:28 GMT" time="1.430" errors="0">
  <testcase name="googleSearch" time="1.430" classname="udTest.UdTestOne_GoogleSearch_withTestNG"/>
</testsuite> <!-- udTest.UdTestOne_GoogleSearch_withTestNG -->
