<?xml version="1.0" encoding="UTF-8"?>
<!-- Generated by org.testng.reporters.JUnitReportReporter -->
<testsuite skipped="0" hostname="DESKTOP-R11E6FT" name="demo.HeadlessChromeDemo" tests="1" failures="0" timestamp="17 Sep 2018 21:27:35 GMT" time="4.964" errors="0">
  <testcase name="test" time="4.964" classname="demo.HeadlessChromeDemo"/>
</testsuite> <!-- demo.HeadlessChromeDemo -->
