<?xml version="1.0" encoding="UTF-8"?>
<!-- Generated by org.testng.reporters.JUnitReportReporter -->
<testsuite skipped="0" hostname="DESKTOP-R11E6FT" name="utils.ExcelDataProvider" tests="1" failures="0" timestamp="17 Sep 2018 16:22:50 GMT" time="3.796" errors="0">
  <testcase name="test1" time="3.796" classname="utils.ExcelDataProvider"/>
</testsuite> <!-- utils.ExcelDataProvider -->
