<?xml version="1.0" encoding="UTF-8"?>
<!-- Generated by org.testng.reporters.JUnitReportReporter -->
<testsuite skipped="0" hostname="DESKTOP-R11E6FT" name="udTest.ExtentReportsDemoWithTestNG" tests="2" failures="0" timestamp="17 Sep 2018 03:43:55 GMT" time="0.608" errors="0">
  <testcase name="test2" time="0.002" classname="udTest.ExtentReportsDemoWithTestNG"/>
  <testcase name="test1" time="0.606" classname="udTest.ExtentReportsDemoWithTestNG"/>
</testsuite> <!-- udTest.ExtentReportsDemoWithTestNG -->
