<?xml version="1.0" encoding="UTF-8"?>
<!-- Generated by org.testng.reporters.JUnitReportReporter -->
<testsuite skipped="0" hostname="DESKTOP-R11E6FT" name="demo.Test1" tests="1" failures="0" timestamp="17 Sep 2018 20:16:26 GMT" time="2.800" errors="0">
  <testcase name="testAsdfasd" time="2.800" classname="demo.Test1"/>
</testsuite> <!-- demo.Test1 -->
