<?xml version="1.0" encoding="UTF-8"?>
<!-- Generated by org.testng.reporters.JUnitReportReporter -->
<testsuite skipped="0" hostname="DESKTOP-R11E6FT" name="demo.TestNGDependencyDemo" tests="3" failures="0" timestamp="17 Sep 2018 19:47:09 GMT" time="0.008" errors="0">
  <testcase name="test3" time="0.006" classname="demo.TestNGDependencyDemo"/>
  <testcase name="test1" time="0.001" classname="demo.TestNGDependencyDemo"/>
  <testcase name="test2" time="0.001" classname="demo.TestNGDependencyDemo"/>
</testsuite> <!-- demo.TestNGDependencyDemo -->
