<?xml version="1.0" encoding="UTF-8"?>
<!-- Generated by org.testng.reporters.JUnitReportReporter -->
<testsuite skipped="0" hostname="DESKTOP-R11E6FT" name="demo.TestNGPriorityDemo" tests="3" failures="0" timestamp="17 Sep 2018 16:57:07 GMT" time="0.009" errors="0">
  <testcase name="three" time="0.001" classname="demo.TestNGPriorityDemo"/>
  <testcase name="one" time="0.007" classname="demo.TestNGPriorityDemo"/>
  <testcase name="two" time="0.001" classname="demo.TestNGPriorityDemo"/>
</testsuite> <!-- demo.TestNGPriorityDemo -->
