<?xml version="1.0" encoding="UTF-8"?>
<!-- Generated by org.testng.reporters.JUnitReportReporter -->
<testsuite skipped="1" hostname="DESKTOP-R11E6FT" name="demo.TestNGIgnoreDemo" tests="2" failures="0" timestamp="17 Sep 2018 19:54:09 GMT" time="0.006" errors="0">
  <testcase name="test2" time="0.006" classname="demo.TestNGIgnoreDemo"/>
  <testcase name="test1" classname="demo.TestNGIgnoreDemo">
    <skipped/>
  </testcase> <!-- test1 -->
</testsuite> <!-- demo.TestNGIgnoreDemo -->
