<?xml version="1.0" encoding="UTF-8"?>
<!-- Generated by org.testng.reporters.JUnitReportReporter -->
<testsuite skipped="0" hostname="DESKTOP-R11E6FT" name="udTest.TestNG_Demo2" tests="2" failures="0" timestamp="17 Sep 2018 06:08:55 GMT" time="2.123" errors="0">
  <testcase name="googleSearchB" time="1.346" classname="udTest.TestNG_Demo2"/>
  <testcase name="googleSearchC" time="0.777" classname="udTest.TestNG_Demo2"/>
</testsuite> <!-- udTest.TestNG_Demo2 -->
