<?xml version="1.0" encoding="UTF-8"?>
<!-- Generated by org.testng.reporters.JUnitReportReporter -->
<testsuite skipped="0" hostname="DESKTOP-R11E6FT" name="demo.TestNGParametersDemo" tests="1" failures="0" timestamp="17 Sep 2018 19:37:41 GMT" time="0.007" errors="0">
  <testcase name="test" time="0.007" classname="demo.TestNGParametersDemo"/>
</testsuite> <!-- demo.TestNGParametersDemo -->
