<?xml version="1.0" encoding="UTF-8"?>
<!-- Generated by org.testng.reporters.JUnitReportReporter -->
<testsuite skipped="0" hostname="DESKTOP-R11E6FT" name="demo.FluentWaitDemo" tests="1" failures="0" timestamp="17 Sep 2018 21:22:23 GMT" time="10.671" errors="0">
  <testcase name="test" time="10.671" classname="demo.FluentWaitDemo"/>
</testsuite> <!-- demo.FluentWaitDemo -->
